[0512/130534.429:ERROR:process_info.cc(329)] VirtualQueryEx: Access is denied. (0x5)
[0512/130534.429:ERROR:process_info.cc(556)] ReadMemoryInfo failed
[0512/130534.429:ERROR:scoped_process_suspend.cc(40)] NtResumeProcess: An attempt was made to access an exiting process. (0xc000010a)
[0515/083701.315:ERROR:process_reader_win.cc(151)] SuspendThread: Access is denied. (0x5)
[0515/083701.315:ERROR:process_reader_win.cc(151)] SuspendThread: Access is denied. (0x5)
[0515/083701.315:ERROR:process_reader_win.cc(151)] SuspendThread: Access is denied. (0x5)
[0515/083701.315:ERROR:process_reader_win.cc(151)] SuspendThread: Access is denied. (0x5)
[0515/083701.315:ERROR:process_reader_win.cc(151)] SuspendThread: Access is denied. (0x5)
[0515/083701.331:ERROR:process_reader_win.cc(151)] SuspendThread: Access is denied. (0x5)
[0515/083701.331:ERROR:process_reader_win.cc(151)] SuspendThread: Access is denied. (0x5)
[0515/083701.331:ERROR:process_reader_win.cc(151)] SuspendThread: Access is denied. (0x5)
[0515/083701.331:ERROR:process_reader_win.cc(151)] SuspendThread: Access is denied. (0x5)
[0515/083701.331:ERROR:process_reader_win.cc(151)] SuspendThread: Access is denied. (0x5)
[0515/083701.331:ERROR:process_reader_win.cc(151)] SuspendThread: Access is denied. (0x5)
[0515/083701.331:ERROR:process_reader_win.cc(151)] SuspendThread: Access is denied. (0x5)
[0515/083701.331:ERROR:process_reader_win.cc(123)] NtOpenThread: {Access Denied} A process has requested access to an object, but has not been granted those access rights. (0xc0000022)
[0515/083701.331:ERROR:exception_snapshot_win.cc(98)] thread ID 7940 not found in process
[0515/083701.346:ERROR:process_reader_win.cc(151)] SuspendThread: Access is denied. (0x5)
[0515/083701.346:ERROR:process_reader_win.cc(151)] SuspendThread: Access is denied. (0x5)
[0515/083701.346:ERROR:process_reader_win.cc(123)] NtOpenThread: {Access Denied} A process has requested access to an object, but has not been granted those access rights. (0xc0000022)
[0515/083701.346:ERROR:exception_snapshot_win.cc(98)] thread ID 7624 not found in process
[0515/083701.409:ERROR:process_reader_win.cc(151)] SuspendThread: Access is denied. (0x5)
[0515/083701.409:ERROR:process_reader_win.cc(151)] SuspendThread: Access is denied. (0x5)
[0515/083701.409:ERROR:process_reader_win.cc(151)] SuspendThread: Access is denied. (0x5)
[0515/083701.409:ERROR:process_reader_win.cc(151)] SuspendThread: Access is denied. (0x5)
[0515/083701.409:ERROR:process_reader_win.cc(151)] SuspendThread: Access is denied. (0x5)
[0515/083701.409:ERROR:process_reader_win.cc(151)] SuspendThread: Access is denied. (0x5)
[0515/083701.409:ERROR:process_reader_win.cc(151)] SuspendThread: Access is denied. (0x5)
[0515/083701.409:ERROR:process_reader_win.cc(151)] SuspendThread: Access is denied. (0x5)
[0515/083701.409:ERROR:process_reader_win.cc(151)] SuspendThread: Access is denied. (0x5)
[0515/083701.409:ERROR:process_reader_win.cc(151)] SuspendThread: Access is denied. (0x5)
[0515/083701.409:ERROR:process_reader_win.cc(151)] SuspendThread: Access is denied. (0x5)
[0515/083701.409:ERROR:process_reader_win.cc(151)] SuspendThread: Access is denied. (0x5)
[0515/083701.409:ERROR:process_reader_win.cc(151)] SuspendThread: Access is denied. (0x5)
[0515/083701.409:ERROR:process_reader_win.cc(151)] SuspendThread: Access is denied. (0x5)
[0515/083701.409:ERROR:process_reader_win.cc(123)] NtOpenThread: {Access Denied} A process has requested access to an object, but has not been granted those access rights. (0xc0000022)
[0515/083701.409:ERROR:exception_snapshot_win.cc(98)] thread ID 7968 not found in process
[0515/083701.440:ERROR:process_reader_win.cc(151)] SuspendThread: Access is denied. (0x5)
[0515/083701.440:ERROR:process_reader_win.cc(151)] SuspendThread: Access is denied. (0x5)
[0515/083701.440:ERROR:process_reader_win.cc(151)] SuspendThread: Access is denied. (0x5)
[0515/083701.440:ERROR:process_reader_win.cc(151)] SuspendThread: Access is denied. (0x5)
[0515/083701.440:ERROR:process_reader_win.cc(151)] SuspendThread: Access is denied. (0x5)
[0515/083701.440:ERROR:process_reader_win.cc(151)] SuspendThread: Access is denied. (0x5)
[0515/083701.440:ERROR:process_reader_win.cc(151)] SuspendThread: Access is denied. (0x5)
[0515/083701.440:ERROR:process_reader_win.cc(151)] SuspendThread: Access is denied. (0x5)
[0515/083701.440:ERROR:process_reader_win.cc(151)] SuspendThread: Access is denied. (0x5)
[0515/083701.440:ERROR:process_reader_win.cc(151)] SuspendThread: Access is denied. (0x5)
[0515/083701.440:ERROR:process_reader_win.cc(151)] SuspendThread: Access is denied. (0x5)
[0515/083701.440:ERROR:process_reader_win.cc(151)] SuspendThread: Access is denied. (0x5)
[0515/083701.440:ERROR:process_reader_win.cc(123)] NtOpenThread: {Access Denied} A process has requested access to an object, but has not been granted those access rights. (0xc0000022)
[0515/083701.440:ERROR:exception_snapshot_win.cc(98)] thread ID 7964 not found in process
[0515/083701.503:ERROR:process_reader_win.cc(151)] SuspendThread: Access is denied. (0x5)
[0515/083701.503:ERROR:process_reader_win.cc(151)] SuspendThread: Access is denied. (0x5)
[0515/083701.503:ERROR:process_reader_win.cc(151)] SuspendThread: Access is denied. (0x5)
[0515/083701.503:ERROR:process_reader_win.cc(151)] SuspendThread: Access is denied. (0x5)
[0515/083701.503:ERROR:process_reader_win.cc(151)] SuspendThread: Access is denied. (0x5)
[0515/083701.503:ERROR:process_reader_win.cc(151)] SuspendThread: Access is denied. (0x5)
[0515/083701.503:ERROR:process_reader_win.cc(151)] SuspendThread: Access is denied. (0x5)
[0515/083701.503:ERROR:process_reader_win.cc(151)] SuspendThread: Access is denied. (0x5)
[0515/083701.503:ERROR:process_reader_win.cc(151)] SuspendThread: Access is denied. (0x5)
[0515/083701.503:ERROR:process_reader_win.cc(151)] SuspendThread: Access is denied. (0x5)
[0515/083701.503:ERROR:process_reader_win.cc(151)] SuspendThread: Access is denied. (0x5)
[0515/083701.503:ERROR:process_reader_win.cc(151)] SuspendThread: Access is denied. (0x5)
[0515/083701.503:ERROR:process_reader_win.cc(123)] NtOpenThread: {Access Denied} A process has requested access to an object, but has not been granted those access rights. (0xc0000022)
[0515/083701.503:ERROR:exception_snapshot_win.cc(98)] thread ID 7948 not found in process
[0515/083701.503:ERROR:process_reader_win.cc(151)] SuspendThread: Access is denied. (0x5)
[0515/083701.503:ERROR:process_reader_win.cc(151)] SuspendThread: Access is denied. (0x5)
[0515/083701.503:ERROR:process_reader_win.cc(151)] SuspendThread: Access is denied. (0x5)
[0515/083701.503:ERROR:process_reader_win.cc(151)] SuspendThread: Access is denied. (0x5)
[0515/083701.503:ERROR:process_reader_win.cc(151)] SuspendThread: Access is denied. (0x5)
[0515/083701.503:ERROR:process_reader_win.cc(151)] SuspendThread: Access is denied. (0x5)
[0515/083701.503:ERROR:process_reader_win.cc(151)] SuspendThread: Access is denied. (0x5)
[0515/083701.503:ERROR:process_reader_win.cc(151)] SuspendThread: Access is denied. (0x5)
[0515/083701.503:ERROR:process_reader_win.cc(151)] SuspendThread: Access is denied. (0x5)
[0515/083701.503:ERROR:process_reader_win.cc(151)] SuspendThread: Access is denied. (0x5)
[0515/083701.503:ERROR:process_reader_win.cc(151)] SuspendThread: Access is denied. (0x5)
[0515/083701.503:ERROR:process_reader_win.cc(151)] SuspendThread: Access is denied. (0x5)
[0515/083701.503:ERROR:process_reader_win.cc(151)] SuspendThread: Access is denied. (0x5)
[0515/083701.503:ERROR:process_reader_win.cc(123)] NtOpenThread: {Access Denied} A process has requested access to an object, but has not been granted those access rights. (0xc0000022)
[0515/083701.503:ERROR:exception_snapshot_win.cc(98)] thread ID 7972 not found in process
[0515/083701.518:ERROR:process_reader_win.cc(151)] SuspendThread: Access is denied. (0x5)
[0515/083701.518:ERROR:process_reader_win.cc(151)] SuspendThread: Access is denied. (0x5)
[0515/083701.518:ERROR:process_reader_win.cc(151)] SuspendThread: Access is denied. (0x5)
[0515/083701.518:ERROR:process_reader_win.cc(151)] SuspendThread: Access is denied. (0x5)
[0515/083701.518:ERROR:process_reader_win.cc(151)] SuspendThread: Access is denied. (0x5)
[0515/083701.518:ERROR:process_reader_win.cc(151)] SuspendThread: Access is denied. (0x5)
[0515/083701.518:ERROR:process_reader_win.cc(151)] SuspendThread: Access is denied. (0x5)
[0515/083701.518:ERROR:process_reader_win.cc(151)] SuspendThread: Access is denied. (0x5)
[0515/083701.518:ERROR:process_reader_win.cc(151)] SuspendThread: Access is denied. (0x5)
[0515/083701.518:ERROR:process_reader_win.cc(151)] SuspendThread: Access is denied. (0x5)
[0515/083701.518:ERROR:process_reader_win.cc(151)] SuspendThread: Access is denied. (0x5)
[0515/083701.518:ERROR:process_reader_win.cc(151)] SuspendThread: Access is denied. (0x5)
[0515/083701.518:ERROR:process_reader_win.cc(151)] SuspendThread: Access is denied. (0x5)
[0515/083701.518:ERROR:process_reader_win.cc(151)] SuspendThread: Access is denied. (0x5)
[0515/083701.518:ERROR:process_reader_win.cc(123)] NtOpenThread: {Access Denied} A process has requested access to an object, but has not been granted those access rights. (0xc0000022)
[0515/083701.518:ERROR:exception_snapshot_win.cc(98)] thread ID 8132 not found in process
[0515/083701.628:ERROR:process_reader_win.cc(151)] SuspendThread: Access is denied. (0x5)
[0515/083701.628:ERROR:process_reader_win.cc(151)] SuspendThread: Access is denied. (0x5)
[0515/083701.628:ERROR:process_reader_win.cc(151)] SuspendThread: Access is denied. (0x5)
[0515/083701.628:ERROR:process_reader_win.cc(151)] SuspendThread: Access is denied. (0x5)
[0515/083701.628:ERROR:process_reader_win.cc(151)] SuspendThread: Access is denied. (0x5)
[0515/083701.628:ERROR:process_reader_win.cc(151)] SuspendThread: Access is denied. (0x5)
[0515/083701.628:ERROR:process_reader_win.cc(151)] SuspendThread: Access is denied. (0x5)
[0515/083701.628:ERROR:process_reader_win.cc(151)] SuspendThread: Access is denied. (0x5)
[0515/083701.628:ERROR:process_reader_win.cc(151)] SuspendThread: Access is denied. (0x5)
[0515/083701.628:ERROR:process_reader_win.cc(151)] SuspendThread: Access is denied. (0x5)
[0515/083701.628:ERROR:process_reader_win.cc(151)] SuspendThread: Access is denied. (0x5)
[0515/083701.628:ERROR:process_reader_win.cc(151)] SuspendThread: Access is denied. (0x5)
[0515/083701.628:ERROR:process_reader_win.cc(151)] SuspendThread: Access is denied. (0x5)
[0515/083701.628:ERROR:process_reader_win.cc(123)] NtOpenThread: {Access Denied} A process has requested access to an object, but has not been granted those access rights. (0xc0000022)
[0515/083701.628:ERROR:exception_snapshot_win.cc(98)] thread ID 5348 not found in process
[0515/083701.831:ERROR:process_reader_win.cc(151)] SuspendThread: Access is denied. (0x5)
[0515/083701.831:ERROR:process_reader_win.cc(151)] SuspendThread: Access is denied. (0x5)
[0515/083701.831:ERROR:process_reader_win.cc(151)] SuspendThread: Access is denied. (0x5)
[0515/083701.831:ERROR:process_reader_win.cc(151)] SuspendThread: Access is denied. (0x5)
[0515/083701.831:ERROR:process_reader_win.cc(151)] SuspendThread: Access is denied. (0x5)
[0515/083701.831:ERROR:process_reader_win.cc(151)] SuspendThread: Access is denied. (0x5)
[0515/083701.831:ERROR:process_reader_win.cc(151)] SuspendThread: Access is denied. (0x5)
[0515/083701.831:ERROR:process_reader_win.cc(151)] SuspendThread: Access is denied. (0x5)
[0515/083701.831:ERROR:process_reader_win.cc(151)] SuspendThread: Access is denied. (0x5)
[0515/083701.831:ERROR:process_reader_win.cc(151)] SuspendThread: Access is denied. (0x5)
[0515/083701.831:ERROR:process_reader_win.cc(151)] SuspendThread: Access is denied. (0x5)
[0515/083701.831:ERROR:process_reader_win.cc(151)] SuspendThread: Access is denied. (0x5)
[0515/083701.831:ERROR:process_reader_win.cc(151)] SuspendThread: Access is denied. (0x5)
[0515/083701.831:ERROR:process_reader_win.cc(123)] NtOpenThread: {Access Denied} A process has requested access to an object, but has not been granted those access rights. (0xc0000022)
[0515/083701.831:ERROR:exception_snapshot_win.cc(98)] thread ID 1832 not found in process
